Inizio una nuova simulazione:

PARAM:
npartx=5
nparty=5
nlayers=5
npart=500
write_jump=1
timesteps=1000
dt=5e-05
eps=10
sigma=1
mu=0
var=5
m=1
a_lattice=1.5
pot_trunc_perc=0.0011
new_in_cond=1


inizializzo reticolo FCC e velocità random

r_max=3.11014    BOXL=8.25    red. dens=0.890447
Inizio ad integrare: attendi!

Finito!







run time = 8 s
Proseguo ultima simulazione. nrun = 1, t_in = 0.05
Inizio ad integrare: attendi!

Finito!







run time = 8 s
Proseguo ultima simulazione. nrun = 2, t_in = 0.10
Inizio ad integrare: attendi!

Finito!







run time = 7 s
Proseguo ultima simulazione. nrun = 3, t_in = 0.15
Inizio ad integrare: attendi!

Finito!







run time = 8 s
Proseguo ultima simulazione. nrun = 4, t_in = 0.20
Inizio ad integrare: attendi!

Finito!







run time = 7 s
